[debug] [2021-02-11T13:23:45.411Z] ----------------------------------------------------------------------
[debug] [2021-02-11T13:23:45.413Z] Command:       /Users/aaronabiyogasulistio/.nvm/versions/node/v12.16.1/bin/node /Users/aaronabiyogasulistio/.nvm/versions/node/v12.16.1/bin/firebase deploy --token 1//0gPretE-CEoLaCgYIARAAGBASNwF-L9Ir4PKjrFnnnYc2SPMmrmW-prm8w44w725zWdeG6Aihj-27_9O21f7K33b5hWZCLzrUptc
[debug] [2021-02-11T13:23:45.413Z] CLI Version:   9.3.0
[debug] [2021-02-11T13:23:45.413Z] Platform:      darwin
[debug] [2021-02-11T13:23:45.413Z] Node Version:  v12.16.1
[debug] [2021-02-11T13:23:45.414Z] Time:          Thu Feb 11 2021 20:23:45 GMT+0700 (Western Indonesia Time)
[debug] [2021-02-11T13:23:45.414Z] ----------------------------------------------------------------------
[debug] [2021-02-11T13:23:45.414Z] 
[debug] [2021-02-11T13:23:45.421Z] > command requires scopes: ["email","openid","https://www.googleapis.com/auth/cloudplatformprojects.readonly","https://www.googleapis.com/auth/firebase","https://www.googleapis.com/auth/cloud-platform"]
[debug] [2021-02-11T13:23:45.421Z] > authorizing via --token option
[debug] [2021-02-11T13:23:45.421Z] [iam] checking project elearning-react-server for permissions ["datastore.indexes.create","datastore.indexes.delete","datastore.indexes.list","datastore.indexes.update","firebase.projects.get","firebasehosting.sites.update"]
[debug] [2021-02-11T13:23:45.423Z] > refreshing access token with scopes: ["email","openid","https://www.googleapis.com/auth/cloudplatformprojects.readonly","https://www.googleapis.com/auth/firebase","https://www.googleapis.com/auth/cloud-platform"]
[debug] [2021-02-11T13:23:45.423Z] >>> HTTP REQUEST POST https://www.googleapis.com/oauth2/v3/token  
 <request body omitted>
[debug] [2021-02-11T13:23:45.536Z] <<< HTTP RESPONSE 200 {"pragma":"no-cache","expires":"Mon, 01 Jan 1990 00:00:00 GMT","cache-control":"no-cache, no-store, max-age=0, must-revalidate","date":"Thu, 11 Feb 2021 13:23:45 GMT","content-type":"application/json; charset=utf-8","vary":"X-Origin, Referer, Origin,Accept-Encoding","server":"scaffolding on HTTPServer2","x-xss-protection":"0","x-frame-options":"SAMEORIGIN","x-content-type-options":"nosniff","alt-svc":"h3-29=\":443\"; ma=2592000,h3-T051=\":443\"; ma=2592000,h3-Q050=\":443\"; ma=2592000,h3-Q046=\":443\"; ma=2592000,h3-Q043=\":443\"; ma=2592000,quic=\":443\"; ma=2592000; v=\"46,43\"","accept-ranges":"none","transfer-encoding":"chunked"}
[debug] [2021-02-11T13:23:45.537Z] >>> HTTP REQUEST POST https://cloudresourcemanager.googleapis.com/v1/projects/elearning-react-server:testIamPermissions  
 {"permissions":["datastore.indexes.create","datastore.indexes.delete","datastore.indexes.list","datastore.indexes.update","firebase.projects.get","firebasehosting.sites.update"]}
[debug] [2021-02-11T13:23:47.023Z] <<< HTTP RESPONSE 200 {"content-type":"application/json; charset=UTF-8","vary":"X-Origin, Referer, Origin,Accept-Encoding","date":"Thu, 11 Feb 2021 13:23:46 GMT","server":"ESF","cache-control":"private","x-xss-protection":"0","x-frame-options":"SAMEORIGIN","x-content-type-options":"nosniff","server-timing":"gfet4t7; dur=1230","alt-svc":"h3-29=\":443\"; ma=2592000,h3-T051=\":443\"; ma=2592000,h3-Q050=\":443\"; ma=2592000,h3-Q046=\":443\"; ma=2592000,h3-Q043=\":443\"; ma=2592000,quic=\":443\"; ma=2592000; v=\"46,43\"","accept-ranges":"none","transfer-encoding":"chunked"}
[debug] [2021-02-11T13:23:47.024Z] [iam] error while checking permissions, command may fail: FirebaseError: Authorization failed. This account is missing the following required permissions on project elearning-react-server:

  datastore.indexes.create
  datastore.indexes.delete
  datastore.indexes.list
  datastore.indexes.update
  firebase.projects.get
  firebasehosting.sites.update
[debug] [2021-02-11T13:23:47.026Z] > refreshing access token with scopes: []
[debug] [2021-02-11T13:23:47.026Z] >>> HTTP REQUEST POST https://www.googleapis.com/oauth2/v3/token  
 <request body omitted>
[debug] [2021-02-11T13:23:47.115Z] <<< HTTP RESPONSE 200 {"expires":"Mon, 01 Jan 1990 00:00:00 GMT","pragma":"no-cache","date":"Thu, 11 Feb 2021 13:23:47 GMT","cache-control":"no-cache, no-store, max-age=0, must-revalidate","content-type":"application/json; charset=utf-8","vary":"X-Origin, Referer, Origin,Accept-Encoding","server":"scaffolding on HTTPServer2","x-xss-protection":"0","x-frame-options":"SAMEORIGIN","x-content-type-options":"nosniff","alt-svc":"h3-29=\":443\"; ma=2592000,h3-T051=\":443\"; ma=2592000,h3-Q050=\":443\"; ma=2592000,h3-Q046=\":443\"; ma=2592000,h3-Q043=\":443\"; ma=2592000,quic=\":443\"; ma=2592000; v=\"46,43\"","accept-ranges":"none","transfer-encoding":"chunked"}
[debug] [2021-02-11T13:23:47.118Z] >>> [apiv2][query] GET https://firebase.googleapis.com/v1beta1/projects/elearning-react-server [none]
[debug] [2021-02-11T13:23:47.556Z] <<< [apiv2][status] GET https://firebase.googleapis.com/v1beta1/projects/elearning-react-server 403
[debug] [2021-02-11T13:23:47.556Z] <<< [apiv2][body] GET https://firebase.googleapis.com/v1beta1/projects/elearning-react-server {"error":{"code":403,"message":"The caller does not have permission","status":"PERMISSION_DENIED"}}
[debug] [2021-02-11T13:23:47.557Z] HTTP Error: 403, The caller does not have permission
[debug] [2021-02-11T13:23:47.622Z] FirebaseError: HTTP Error: 403, The caller does not have permission
    at module.exports (/Users/aaronabiyogasulistio/.nvm/versions/node/v12.16.1/lib/node_modules/firebase-tools/lib/responseToError.js:38:12)
    at Client.doRequest (/Users/aaronabiyogasulistio/.nvm/versions/node/v12.16.1/lib/node_modules/firebase-tools/lib/apiv2.js:227:23)
    at processTicksAndRejections (internal/process/task_queues.js:97:5)
    at async Client.request (/Users/aaronabiyogasulistio/.nvm/versions/node/v12.16.1/lib/node_modules/firebase-tools/lib/apiv2.js:93:20)
    at async Object.getFirebaseProject (/Users/aaronabiyogasulistio/.nvm/versions/node/v12.16.1/lib/node_modules/firebase-tools/lib/management/projects.js:289:21)
    at async Object.getDefaultHostingSite (/Users/aaronabiyogasulistio/.nvm/versions/node/v12.16.1/lib/node_modules/firebase-tools/lib/getDefaultHostingSite.js:8:21)
    at async requireHostingSite (/Users/aaronabiyogasulistio/.nvm/versions/node/v12.16.1/lib/node_modules/firebase-tools/lib/requireHostingSite.js:9:18)
    at async Object.fn (/Users/aaronabiyogasulistio/.nvm/versions/node/v12.16.1/lib/node_modules/firebase-tools/lib/commands/deploy.js:66:9)
    at async /Users/aaronabiyogasulistio/.nvm/versions/node/v12.16.1/lib/node_modules/firebase-tools/lib/command.js:161:17
[error] 
[error] Error: Failed to get Firebase project elearning-react-server. Please make sure the project exists and your account has permission to access it.
[debug] [2021-02-11T13:24:18.745Z] ----------------------------------------------------------------------
[debug] [2021-02-11T13:24:18.747Z] Command:       /Users/aaronabiyogasulistio/.nvm/versions/node/v12.16.1/bin/node /Users/aaronabiyogasulistio/.nvm/versions/node/v12.16.1/bin/firebase deploy --token 1//0gPretE-CEoLaCgYIARAAGBASNwF-L9Ir4PKjrFnnnYc2SPMmrmW-prm8w44w725zWdeG6Aihj-27_9O21f7K33b5hWZCLzrUptc
[debug] [2021-02-11T13:24:18.747Z] CLI Version:   9.3.0
[debug] [2021-02-11T13:24:18.747Z] Platform:      darwin
[debug] [2021-02-11T13:24:18.747Z] Node Version:  v12.16.1
[debug] [2021-02-11T13:24:18.748Z] Time:          Thu Feb 11 2021 20:24:18 GMT+0700 (Western Indonesia Time)
[debug] [2021-02-11T13:24:18.748Z] ----------------------------------------------------------------------
[debug] [2021-02-11T13:24:18.748Z] 
[debug] [2021-02-11T13:24:18.754Z] > command requires scopes: ["email","openid","https://www.googleapis.com/auth/cloudplatformprojects.readonly","https://www.googleapis.com/auth/firebase","https://www.googleapis.com/auth/cloud-platform"]
[debug] [2021-02-11T13:24:18.754Z] > authorizing via --token option
[debug] [2021-02-11T13:24:18.754Z] [iam] checking project elearning-react-server for permissions ["datastore.indexes.create","datastore.indexes.delete","datastore.indexes.list","datastore.indexes.update","firebase.projects.get","firebasehosting.sites.update"]
[debug] [2021-02-11T13:24:18.756Z] > refreshing access token with scopes: ["email","openid","https://www.googleapis.com/auth/cloudplatformprojects.readonly","https://www.googleapis.com/auth/firebase","https://www.googleapis.com/auth/cloud-platform"]
[debug] [2021-02-11T13:24:18.756Z] >>> HTTP REQUEST POST https://www.googleapis.com/oauth2/v3/token  
 <request body omitted>
[debug] [2021-02-11T13:24:18.904Z] <<< HTTP RESPONSE 200 {"expires":"Mon, 01 Jan 1990 00:00:00 GMT","date":"Thu, 11 Feb 2021 13:24:18 GMT","cache-control":"no-cache, no-store, max-age=0, must-revalidate","pragma":"no-cache","content-type":"application/json; charset=utf-8","vary":"X-Origin, Referer, Origin,Accept-Encoding","server":"scaffolding on HTTPServer2","x-xss-protection":"0","x-frame-options":"SAMEORIGIN","x-content-type-options":"nosniff","alt-svc":"h3-29=\":443\"; ma=2592000,h3-T051=\":443\"; ma=2592000,h3-Q050=\":443\"; ma=2592000,h3-Q046=\":443\"; ma=2592000,h3-Q043=\":443\"; ma=2592000,quic=\":443\"; ma=2592000; v=\"46,43\"","accept-ranges":"none","transfer-encoding":"chunked"}
[debug] [2021-02-11T13:24:18.906Z] >>> HTTP REQUEST POST https://cloudresourcemanager.googleapis.com/v1/projects/elearning-react-server:testIamPermissions  
 {"permissions":["datastore.indexes.create","datastore.indexes.delete","datastore.indexes.list","datastore.indexes.update","firebase.projects.get","firebasehosting.sites.update"]}
[debug] [2021-02-11T13:24:20.201Z] <<< HTTP RESPONSE 200 {"content-type":"application/json; charset=UTF-8","vary":"X-Origin, Referer, Origin,Accept-Encoding","date":"Thu, 11 Feb 2021 13:24:20 GMT","server":"ESF","cache-control":"private","x-xss-protection":"0","x-frame-options":"SAMEORIGIN","x-content-type-options":"nosniff","server-timing":"gfet4t7; dur=1211","alt-svc":"h3-29=\":443\"; ma=2592000,h3-T051=\":443\"; ma=2592000,h3-Q050=\":443\"; ma=2592000,h3-Q046=\":443\"; ma=2592000,h3-Q043=\":443\"; ma=2592000,quic=\":443\"; ma=2592000; v=\"46,43\"","accept-ranges":"none","transfer-encoding":"chunked"}
[debug] [2021-02-11T13:24:20.201Z] [iam] error while checking permissions, command may fail: FirebaseError: Authorization failed. This account is missing the following required permissions on project elearning-react-server:

  datastore.indexes.create
  datastore.indexes.delete
  datastore.indexes.list
  datastore.indexes.update
  firebase.projects.get
  firebasehosting.sites.update
[debug] [2021-02-11T13:24:20.203Z] > refreshing access token with scopes: []
[debug] [2021-02-11T13:24:20.204Z] >>> HTTP REQUEST POST https://www.googleapis.com/oauth2/v3/token  
 <request body omitted>
[debug] [2021-02-11T13:24:20.670Z] <<< HTTP RESPONSE 200 {"date":"Thu, 11 Feb 2021 13:24:20 GMT","expires":"Mon, 01 Jan 1990 00:00:00 GMT","cache-control":"no-cache, no-store, max-age=0, must-revalidate","pragma":"no-cache","content-type":"application/json; charset=utf-8","vary":"X-Origin, Referer, Origin,Accept-Encoding","server":"scaffolding on HTTPServer2","x-xss-protection":"0","x-frame-options":"SAMEORIGIN","x-content-type-options":"nosniff","alt-svc":"h3-29=\":443\"; ma=2592000,h3-T051=\":443\"; ma=2592000,h3-Q050=\":443\"; ma=2592000,h3-Q046=\":443\"; ma=2592000,h3-Q043=\":443\"; ma=2592000,quic=\":443\"; ma=2592000; v=\"46,43\"","accept-ranges":"none","transfer-encoding":"chunked"}
[debug] [2021-02-11T13:24:20.672Z] >>> [apiv2][query] GET https://firebase.googleapis.com/v1beta1/projects/elearning-react-server [none]
[debug] [2021-02-11T13:24:21.136Z] <<< [apiv2][status] GET https://firebase.googleapis.com/v1beta1/projects/elearning-react-server 403
[debug] [2021-02-11T13:24:21.137Z] <<< [apiv2][body] GET https://firebase.googleapis.com/v1beta1/projects/elearning-react-server {"error":{"code":403,"message":"The caller does not have permission","status":"PERMISSION_DENIED"}}
[debug] [2021-02-11T13:24:21.137Z] HTTP Error: 403, The caller does not have permission
[debug] [2021-02-11T13:24:21.200Z] FirebaseError: HTTP Error: 403, The caller does not have permission
    at module.exports (/Users/aaronabiyogasulistio/.nvm/versions/node/v12.16.1/lib/node_modules/firebase-tools/lib/responseToError.js:38:12)
    at Client.doRequest (/Users/aaronabiyogasulistio/.nvm/versions/node/v12.16.1/lib/node_modules/firebase-tools/lib/apiv2.js:227:23)
    at processTicksAndRejections (internal/process/task_queues.js:97:5)
    at async Client.request (/Users/aaronabiyogasulistio/.nvm/versions/node/v12.16.1/lib/node_modules/firebase-tools/lib/apiv2.js:93:20)
    at async Object.getFirebaseProject (/Users/aaronabiyogasulistio/.nvm/versions/node/v12.16.1/lib/node_modules/firebase-tools/lib/management/projects.js:289:21)
    at async Object.getDefaultHostingSite (/Users/aaronabiyogasulistio/.nvm/versions/node/v12.16.1/lib/node_modules/firebase-tools/lib/getDefaultHostingSite.js:8:21)
    at async requireHostingSite (/Users/aaronabiyogasulistio/.nvm/versions/node/v12.16.1/lib/node_modules/firebase-tools/lib/requireHostingSite.js:9:18)
    at async Object.fn (/Users/aaronabiyogasulistio/.nvm/versions/node/v12.16.1/lib/node_modules/firebase-tools/lib/commands/deploy.js:66:9)
    at async /Users/aaronabiyogasulistio/.nvm/versions/node/v12.16.1/lib/node_modules/firebase-tools/lib/command.js:161:17
[error] 
[error] Error: Failed to get Firebase project elearning-react-server. Please make sure the project exists and your account has permission to access it.
[debug] [2021-02-11T13:25:05.339Z] ----------------------------------------------------------------------
[debug] [2021-02-11T13:25:05.341Z] Command:       /Users/aaronabiyogasulistio/.nvm/versions/node/v12.16.1/bin/node /Users/aaronabiyogasulistio/.nvm/versions/node/v12.16.1/bin/firebase deploy --token=1//0gPretE-CEoLaCgYIARAAGBASNwF-L9Ir4PKjrFnnnYc2SPMmrmW-prm8w44w725zWdeG6Aihj-27_9O21f7K33b5hWZCLzrUptc
[debug] [2021-02-11T13:25:05.341Z] CLI Version:   9.3.0
[debug] [2021-02-11T13:25:05.341Z] Platform:      darwin
[debug] [2021-02-11T13:25:05.341Z] Node Version:  v12.16.1
[debug] [2021-02-11T13:25:05.342Z] Time:          Thu Feb 11 2021 20:25:05 GMT+0700 (Western Indonesia Time)
[debug] [2021-02-11T13:25:05.342Z] ----------------------------------------------------------------------
[debug] [2021-02-11T13:25:05.342Z] 
[debug] [2021-02-11T13:25:05.348Z] > command requires scopes: ["email","openid","https://www.googleapis.com/auth/cloudplatformprojects.readonly","https://www.googleapis.com/auth/firebase","https://www.googleapis.com/auth/cloud-platform"]
[debug] [2021-02-11T13:25:05.349Z] > authorizing via --token option
[debug] [2021-02-11T13:25:05.349Z] [iam] checking project elearning-react-server for permissions ["datastore.indexes.create","datastore.indexes.delete","datastore.indexes.list","datastore.indexes.update","firebase.projects.get","firebasehosting.sites.update"]
[debug] [2021-02-11T13:25:05.351Z] > refreshing access token with scopes: ["email","openid","https://www.googleapis.com/auth/cloudplatformprojects.readonly","https://www.googleapis.com/auth/firebase","https://www.googleapis.com/auth/cloud-platform"]
[debug] [2021-02-11T13:25:05.351Z] >>> HTTP REQUEST POST https://www.googleapis.com/oauth2/v3/token  
 <request body omitted>
[debug] [2021-02-11T13:25:05.467Z] <<< HTTP RESPONSE 200 {"date":"Thu, 11 Feb 2021 13:25:05 GMT","expires":"Mon, 01 Jan 1990 00:00:00 GMT","pragma":"no-cache","cache-control":"no-cache, no-store, max-age=0, must-revalidate","content-type":"application/json; charset=utf-8","vary":"X-Origin, Referer, Origin,Accept-Encoding","server":"scaffolding on HTTPServer2","x-xss-protection":"0","x-frame-options":"SAMEORIGIN","x-content-type-options":"nosniff","alt-svc":"h3-29=\":443\"; ma=2592000,h3-T051=\":443\"; ma=2592000,h3-Q050=\":443\"; ma=2592000,h3-Q046=\":443\"; ma=2592000,h3-Q043=\":443\"; ma=2592000,quic=\":443\"; ma=2592000; v=\"46,43\"","accept-ranges":"none","transfer-encoding":"chunked"}
[debug] [2021-02-11T13:25:05.469Z] >>> HTTP REQUEST POST https://cloudresourcemanager.googleapis.com/v1/projects/elearning-react-server:testIamPermissions  
 {"permissions":["datastore.indexes.create","datastore.indexes.delete","datastore.indexes.list","datastore.indexes.update","firebase.projects.get","firebasehosting.sites.update"]}
[debug] [2021-02-11T13:25:06.692Z] <<< HTTP RESPONSE 200 {"content-type":"application/json; charset=UTF-8","vary":"X-Origin, Referer, Origin,Accept-Encoding","date":"Thu, 11 Feb 2021 13:25:06 GMT","server":"ESF","cache-control":"private","x-xss-protection":"0","x-frame-options":"SAMEORIGIN","x-content-type-options":"nosniff","server-timing":"gfet4t7; dur=1126","alt-svc":"h3-29=\":443\"; ma=2592000,h3-T051=\":443\"; ma=2592000,h3-Q050=\":443\"; ma=2592000,h3-Q046=\":443\"; ma=2592000,h3-Q043=\":443\"; ma=2592000,quic=\":443\"; ma=2592000; v=\"46,43\"","accept-ranges":"none","transfer-encoding":"chunked"}
[debug] [2021-02-11T13:25:06.693Z] [iam] error while checking permissions, command may fail: FirebaseError: Authorization failed. This account is missing the following required permissions on project elearning-react-server:

  datastore.indexes.create
  datastore.indexes.delete
  datastore.indexes.list
  datastore.indexes.update
  firebase.projects.get
  firebasehosting.sites.update
[debug] [2021-02-11T13:25:06.694Z] > refreshing access token with scopes: []
[debug] [2021-02-11T13:25:06.694Z] >>> HTTP REQUEST POST https://www.googleapis.com/oauth2/v3/token  
 <request body omitted>
[debug] [2021-02-11T13:25:06.850Z] <<< HTTP RESPONSE 200 {"pragma":"no-cache","cache-control":"no-cache, no-store, max-age=0, must-revalidate","date":"Thu, 11 Feb 2021 13:25:06 GMT","expires":"Mon, 01 Jan 1990 00:00:00 GMT","content-type":"application/json; charset=utf-8","vary":"X-Origin, Referer, Origin,Accept-Encoding","server":"scaffolding on HTTPServer2","x-xss-protection":"0","x-frame-options":"SAMEORIGIN","x-content-type-options":"nosniff","alt-svc":"h3-29=\":443\"; ma=2592000,h3-T051=\":443\"; ma=2592000,h3-Q050=\":443\"; ma=2592000,h3-Q046=\":443\"; ma=2592000,h3-Q043=\":443\"; ma=2592000,quic=\":443\"; ma=2592000; v=\"46,43\"","accept-ranges":"none","transfer-encoding":"chunked"}
[debug] [2021-02-11T13:25:06.853Z] >>> [apiv2][query] GET https://firebase.googleapis.com/v1beta1/projects/elearning-react-server [none]
[debug] [2021-02-11T13:25:07.309Z] <<< [apiv2][status] GET https://firebase.googleapis.com/v1beta1/projects/elearning-react-server 403
[debug] [2021-02-11T13:25:07.309Z] <<< [apiv2][body] GET https://firebase.googleapis.com/v1beta1/projects/elearning-react-server {"error":{"code":403,"message":"The caller does not have permission","status":"PERMISSION_DENIED"}}
[debug] [2021-02-11T13:25:07.309Z] HTTP Error: 403, The caller does not have permission
[debug] [2021-02-11T13:25:07.394Z] FirebaseError: HTTP Error: 403, The caller does not have permission
    at module.exports (/Users/aaronabiyogasulistio/.nvm/versions/node/v12.16.1/lib/node_modules/firebase-tools/lib/responseToError.js:38:12)
    at Client.doRequest (/Users/aaronabiyogasulistio/.nvm/versions/node/v12.16.1/lib/node_modules/firebase-tools/lib/apiv2.js:227:23)
    at processTicksAndRejections (internal/process/task_queues.js:97:5)
    at async Client.request (/Users/aaronabiyogasulistio/.nvm/versions/node/v12.16.1/lib/node_modules/firebase-tools/lib/apiv2.js:93:20)
    at async Object.getFirebaseProject (/Users/aaronabiyogasulistio/.nvm/versions/node/v12.16.1/lib/node_modules/firebase-tools/lib/management/projects.js:289:21)
    at async Object.getDefaultHostingSite (/Users/aaronabiyogasulistio/.nvm/versions/node/v12.16.1/lib/node_modules/firebase-tools/lib/getDefaultHostingSite.js:8:21)
    at async requireHostingSite (/Users/aaronabiyogasulistio/.nvm/versions/node/v12.16.1/lib/node_modules/firebase-tools/lib/requireHostingSite.js:9:18)
    at async Object.fn (/Users/aaronabiyogasulistio/.nvm/versions/node/v12.16.1/lib/node_modules/firebase-tools/lib/commands/deploy.js:66:9)
    at async /Users/aaronabiyogasulistio/.nvm/versions/node/v12.16.1/lib/node_modules/firebase-tools/lib/command.js:161:17
[error] 
[error] Error: Failed to get Firebase project elearning-react-server. Please make sure the project exists and your account has permission to access it.
